make.exe all --print-data-base --no-builtin-variables --no-builtin-rules --question
# GNU Make 3.82.90
# Built for i686-pc-mingw32
# Copyright (C) 1988-2012 Free Software Foundation, Inc.
# License GPLv3+: GNU GPL version 3 or later <http://gnu.org/licenses/gpl.html>
# This is free software: you are free to change and redistribute it.
# There is NO WARRANTY, to the extent permitted by law.
 

# Make data base, printed on Tue Jun 21 17:05:14 2022

# Variables

# automatic
<D = $(patsubst %/,%,$(patsubst %\,%,$(dir $<)))
# automatic
?F = $(notdir $?)
# default
.SHELLFLAGS := -c
# makefile
MAKEFLAGS = Rrqp
# environment
VSCODE_LOG_NATIVE = false
# automatic
?D = $(patsubst %/,%,$(patsubst %\,%,$(dir $?)))
# automatic
@D = $(patsubst %/,%,$(patsubst %\,%,$(dir $@)))
# environment
HOMEDRIVE = C:
# automatic
@F = $(notdir $@)
# automatic
^D = $(patsubst %/,%,$(patsubst %\,%,$(dir $^)))
# makefile
CUR 
DIR := d:/Github/ADT
# default
SHELL := sh.exe
# environment
WINDIR = C:\WINDOWS
# environment
VSCODE_NLS_CONFIG = {"locale":"zh-cn","availableLanguages":{"*":"zh-cn"},"_languagePackId":"bbca1a7059cee8a1b93da8947fee1c4f.zh-cn","_translationsConfigFile":"C:\\Users\\13013\\AppData\\Roaming\\Code\\clp\\bbca1a7059cee8a1b93da8947fee1c4f.zh-cn\\tcf.json","_cacheRoot":"C:\\Users\\13013\\AppData\\Roaming\\Code\\clp\\bbca1a7059cee8a1b93da8947fee1c4f.zh-cn","_resolvedLanguagePackCoreLocation":"C:\\Users\\13013\\AppData\\Roaming\\Code\\clp\\bbca1a7059cee8a1b93da8947fee1c4f.zh-cn\\30d9c6cd9483b2cc586687151bcbcd635f373630","_corruptedFile":"C:\\Users\\13013\\AppData\\Roaming\\Code\\clp\\bbca1a7059cee8a1b93da8947fee1c4f.zh-cn\\corrupted.info","_languagePackSupport":true}
# environment
PYCHARM COMMUNITY EDITION = C:\Users\13013\AppData\Local\JetBrains\PyCharm Community Edition 2020.1\bin;
# environment
_NT_SYMBOL_PATH = srv*d:\symbols*http://msdl.microsoft.com/download/symbols
# environment
ONEDRIVE = C:\Users\13013\OneDrive
# environment
MAVEN_HOME = C:\apache-maven-3.8.4
# environment
PATHEXT = .COM;.EXE;.BAT;.CMD;.VBS;.VBE;.JS;.JSE;.WSF;.WSH;.MSC;.RB;.RBW
# makefile
MAKEFILE_LIST := 
# environment
FPS_BROWSER_USER_PROFILE_STRING = Default
# environment
TMP = C:\Users\13013\AppData\Local\Temp
# environment
VSCODE_VERBOSE_LOGGING = true
# environment
PROGRAMW6432 = C:\Program Files
# environment
PROGRAMDATA = C:\ProgramData
# environment
VSCODE_IPC_HOOK_EXTHOST = \\.\pipe\vscode-ipc-32987c53-f9e8-4015-929a-f0a3ce4e77c5-sock
# environment
VSCODE_CWD = c:\users\13013\appdata\local\programs\microsoft vs code
# environment
PATH = C:\Program Files\Common Files\Oracle\Java\javapath;C:\Program Files (x86)\VMware\VMware Workstation\bin\;D:\INK;C:\MinGW\bin;C:\WINDOWS\system32;C:\WINDOWS;D:\Software\Xshell\;D:\Software\XFTP\;C:\Users\13013\AppData\Local\Programs\Python\Python38\Lib\site-packages\pyqt5_tools;C:\Program Files\NVIDIA Corporation\NVIDIA NvDLISR;C:\Program Files\MySQL\MySQL Server 8.0\bin;C:\Program Files\dotnet\;C:\Program Files (x86)\dotnet\;D:\metasploit-framework\bin\;C:\Windows\System32\WindowsPowerShell\v1.0;C:\Program Files\Git\cmd;C:\Users\13013\AppData\Local\Programs\Python\Python38;C:\Python26;C:\Go\bin;C:\Program Files\Docker\Docker\resources\bin;C:\ProgramData\DockerDesktop\version-bin;C:\Program Files (x86)\CMake\bin;C:\apache-maven-3.8.4\bin;C:\Program Files\OpenVPN\bin;C:\Program Files (x86)\NVIDIA Corporation\PhysX\Common;C:\Program Files (x86)\MuMu\emulator\nemu\vmonitor\bin;D:\Software\Matlab\runtime\win64;D:\Software\Matlab\bin;D:\Software\Matlab\polyspace\bin;C:\Program Files\nodejs\;D:\HackTools\2-web\sqlmap;C:\Library\Developer\Toolchains\unknown-Asserts-development.xctoolchain\usr\bin;C:\Library\Swift-development\bin;C:\Library\icu-69.1\usr\bin;C:\Users\13013\.cargo\bin;C:\Ruby27-x64\bin;C:\Program Files\MySQL\MySQL Shell 8.0\bin\;C:\Users\13013\AppData\Local\Programs\Python\Python38\Scripts\;C:\Users\13013\AppData\Local\Programs\Python\Python38\;C:\Users\13013\AppData\Local\Microsoft\WindowsApps;C:\Users\13013\AppData\Local\JetBrains\PyCharm Community Edition 2020.1\bin;C:\Program Files (x86)\Pandoc;C:\Users\13013\AppData\Local\Microsoft\WindowsApps;C:\Users\13013\.dotnet\tools;C:\Program Files (x86)\Nmap;C:\Program Files\JetBrains\GoLand 2021.1\bin;;C:\Program Files\Azure Data Studio\bin;C:\Program Files\Java\jre1.8.0_121\bin;D:\metasploit-framework\bin;C:\Users\13013\go\bin;C:\Program Files\CMake\bin;C:\Users\13013\AppData\Local\Programs\Microsoft VS Code\bin;C:\Software\apache-tomcat-8.5.77\bin;C:\Users\13013\AppData\Roaming\npm;
# environment
COMMONPROGRAMW6432 = C:\Program Files\Common Files
# environment
ZES_ENABLE_SYSMAN = 1
# environment
VS150COMCOMNTOOLS = C:\Program Files (x86)\Microsoft Visual Studio\2017\Community\Common7\Tools\
# environment
PROCESSOR_ARCHITECTURE = x86
# environment
USERPROFILE = C:\Users\13013
# environment
RUBYOPT = -Eutf-8
# environment
ALLUSERSPROFILE = C:\ProgramData
# environment
GOPATH = C:\Go\bin
# environment
VSCODE_LOG_STACK = false
# environment
NUMBER_OF_PROCESSORS = 8
# environment
ELECTRON_RUN_AS_NODE = 1
# environment
LIB = C:\Program Files (x86)\Microsoft Visual Studio\2017\Community\VC\Tools\MSVC\14.16.27023\lib\x86;C:\Program Files (x86)\Windows Kits\10\Lib\10.0.17763.0\ucrt\x86;C:\Program Files (x86)\Windows Kits\10\Lib\10.0.17763.0\um\x86;C:\Program Files (x86)\Windows Kits\10\Lib\10.0.17763.0\ucrt_enclave\x64;C:\Program Files (x86)\Windows Kits\10\Lib\10.0.10586.0\ucrt\x86;C:\Program Files (x86)\Windows Kits\10\Lib\10.0.10586.0\um\x86;C:\Program Files (x86)\Windows Kits\10\Lib\10.0.10586.0\ucrt_enclave\x86;C:\Program Files (x86)\Windows Kits\8.1\Lib\winv6.3\um\x86;$(WindowsSDK_LibraryPath_x86);
# default
.FEATURES := target-specific order-only second-expansion else-if shortest-stem undefine oneshell archives jobserver
# automatic
%F = $(notdir $%)
# environment
CHROME_CRASHPAD_PIPE_NAME = \\.\pipe\crashpad_12544_QDPJIMBXNWIFKXKX
# environment
VSCODE_PIPE_LOGGING = true
# environment
COMPUTERNAME = MSI
# environment
QT_QPA_PLATFORM_PLUGIN_PATH = C:\Users\13013\A 
ppData\Local\Programs\Python\Python38\Lib\site-packages\pyqt5_tools\Qt\bin\plugins
# environment
PROGRAMFILES = C:\Program Files (x86)
# environment
GOLAND = C:\Program Files\JetBrains\GoLand 2021.1\bin;
# environment
DRIVERDATA = C:\Windows\System32\Drivers\DriverData
# environment
ORIGINAL_XDG_CURRENT_DESKTOP = undefined
# environment
USERNAME = 13013
# environment
PUBLIC = C:\Users\Public
# environment
VSCODE_AMD_ENTRYPOINT = vs/workbench/api/node/extensionHostProcess
# environment
PT6HOME = D:\Software\Cisco Packet Tracer 6.2sv
# environment
VSCODE_CODE_CACHE_PATH = C:\Users\13013\AppData\Roaming\Code\CachedData\30d9c6cd9483b2cc586687151bcbcd635f373630
# environment
APPLICATION_INSIGHTS_NO_DIAGNOSTIC_CHANNEL = 1
# environment
COMMONPROGRAMFILES = C:\Program Files (x86)\Common Files
# environment
LOGONSERVER = \\MSI
# environment
VSCODE_HANDLES_UNCAUGHT_ERRORS = true
# environment
USERDOMAIN = MSI
# environment
MSMPI_BENCHMARKS = C:\Program Files\Microsoft MPI\Benchmarks\
# environment
MAKELEVEL := 0
# default
MAKE = $(MAKE_COMMAND)
# default
MAKECMDGOALS := all
# environment
JAVA_HOME = C:\Program Files\Java\jre1.8.0_121
# environment
CCHZPATH = D:\Software\CTEX\CTeX;D:\Software\CTEX\CTeX\Packages\cct\fonts
# default
MAKE_VERSION := 3.82.90
# makefile
.DEFAULT_GOAL := 
# environment
INCLUDE = C:\Program Files (x86)\Microsoft Visual Studio\2017\Community\VC\Tools\MSVC\14.16.27023\include;C:\Program Files (x86)\Windows Kits\10\Include\10.0.10586.0\ucrt;C:\Program Files (x86)\Windows Kits\10\Lib\10.0.10586.0\ucrt;C:\Program Files (x86)\Windows Kits\10\Lib\10.0.10586.0\um;C:\Program Files (x86)\Windows Kits\10\Lib\10.0.10586.0\ucrt_enclave;$(WindowsSDK_IncludePath);
# environment
PROGRAMFILES(X86) = C:\Program Files (x86)
# automatic
%D = $(patsubst %/,%,$(patsubst %\,%,$(dir $%)))
# environment
LOCALAPPDATA = C:\Users\13013\AppData\Local
# environment
PSMODULEPATH = C:\Program Files\WindowsPowerShell\Modules;C:\WINDOWS\system32\WindowsPowerShell\v1.0\Modules;C:\Program Files (x86)\Microsoft SQL Server\150\Tools\ 
PowerShell\Modules\
# default
MAKE_COMMAND := make.exe
# environment
PROCESSOR_ARCHITEW6432 = AMD64
# environment
CATALINA_HOME = C:\Software\apache-tomcat-8.5.77
# default
.VARIABLES := 
# automatic
*F = $(notdir $*)
# environment
PROCESSOR_IDENTIFIER = Intel64 Family 6 Model 158 Stepping 10, GenuineIntel
# environment
OS = Windows_NT
# environment
VSCODE_IPC_HOOK = \\.\pipe\7273e8300e9a777677633b930729892c-1.68.1-main-sock
# environment
HOMEPATH = \Users\13013
# environment
COMMONPROGRAMFILES(X86) = C:\Program Files (x86)\Common Files
# environment
PROMPT = $P$G
# environment
MFLAGS = -Rrqp
# automatic
*D = $(patsubst %/,%,$(patsubst %\,%,$(dir $*)))
# environment
SYSTEMROOT = C:\WINDOWS
# automatic
+D = $(patsubst %/,%,$(patsubst %\,%,$(dir $+)))
# automatic
+F = $(notdir $+)
# environment
APPDATA = C:\Users\13013\AppData\Roaming
# environment
TEMP = C:\Users\13013\AppData\Local\Temp
# environment
COMSPEC = C:\WINDOWS\system32\cmd.exe
# environment
VCINSTALLDIR = C:\Program Files (x86)\Microsoft Visual Stu 
dio\2019\Community\VC\
# default
MAKEFILES := 
# environment
MSMPI_BIN = C:\Program Files\Microsoft MPI\Bin\
# automatic
<F = $(notdir $<)
# environment
DEVELOPER_DIR = C:\Library\Developer
# environment
LC_ALL = C
# environment
CONFIGSETROOT = C:\WINDOWS\ConfigSetRoot
# automatic
^F = $(notdir $^)
# default
SUFFIXES := 
# environment
SYSTEMDRIVE = C:
# environment
CCPKPATH = D:\Software\CTEX\CTeX;D:\Software\CTEX\CTeX\Packages\fonts\pk\modeless\cct\dpi$d
# environment
SDKROOT = C:\Library\Developer\Platfor 
ms\Windows.platform\Developer\SDKs\Windows.sdk
# environment
SESSIONNAME = Console
# environment
PROCESSOR_REVISION = 9e0a
# environment
VS140COMNTOOLS = C:\Program Files (x86)\Microsoft Visual Studio 14.0\Common7\Tools\
# default
.INCLUDE_DIRS = C:/MinGW/include
# default
.RECIPEPREFIX := 
# environment
LANG = C
# environment
PROCESSOR_LEVEL = 6
# environment
FPS_BROWSER_APP_PROFILE_STRING = Internet Explorer
# environment
VSCODE_PID = 12544
# environment
USERDOMAIN_ROAMINGPROFILE = MSI
# variable set hash-table stats:
# Load=114/1024=11%, Rehash=0, Collisions=13/130=10%

# Pattern-specific Variable Values

# No pattern-specific variable values.

# Directories

# : could not be stat'd.
# C:\apache-maven-3.8.4\bin (key C:/apache-maven-3.8.4/bin, mtime 1639142800): 8 files, no impossibilities.
# C:\ProgramData\DockerDesktop\version-bin: could not be stat'd.
# C:\Program Files\Java\jre1.8.0_121\bin (key C:/Program Files/Java/jre1.8.0_121/bin, mtime 1652181315): 90 files, no impossibilities.
# C:\Library\Developer\Toolchains\unknown-Asserts-development.xctoolchain\usr\bin (key C:/Library/Developer/Toolchains/unknown-Asserts-development.xctoolchain/usr/bin, mtime 1653794680): 107 files, no impossibilities.
# C:\Users\13013\AppData\Roaming\npm (key C:/Users/13013/AppData/Roaming/npm, mtime 1649515427): 12 files, no impossibilities.
# C:\Program Files\NVIDIA Corporation\NVIDIA NvDLISR (key C:/Program Files/NVIDIA Corporation/NVIDIA NvDLISR, mtime 1553240001): 5 files, no impossibilities.
# C:\Program Files\MySQL\MySQ 
L Server 8.0\bin (key C:/Program Files/MySQL/MySQL Server 8.0/bin, mtime 1588340680): 45 files, no impossibilities.
# C:\Users\13013\AppData\Local\Programs\Python\Python38\Lib\site-packages\pyqt5_tools (key C:/Users/13013/AppData/Local/Programs/Python/Python38/Lib/site-packages/pyqt5_tools, mtime 1595332306): 11 files, no impossibilities.
# D:\metasploit-framework\bin (key D:/metasploit-framework/bin, mtime 1631498467): 23 files, no impossibilities.
# . (key d:/Github/ADT, mtime 1655791921): 13 files, no impossibilities.
# C:\Users\13013\AppData\Local\Microsoft\WindowsApps (key C:/Users/13013/AppData/Local/Microsoft/WindowsApps, mtime 1655772868): 25 files, no impossibilities.
# C:\Program Files\MySQL\MySQL Shell 8.0\bin\ (key C:/Program Files/MySQL/MySQL Shell 8.0/bin/, mtime 1588340816): 7 files, no impossibilities.
# C:\Program Files (x86)\dotnet\ (key C:/Program Files (x86)/dotnet/, mtime 1652493554): 8 files, no impossibilities.
# D:\metasploit-framework\bin\ (key D:/metasploit-framework/bin/, mtime 1631 
498467): 23 files, no impossibilities.
# D:\INK (key D:/INK, mtime 1655278100): 83 files, no impossibilities.
# C:\Program Files\Git\cmd (key C:/Program Files/Git/cmd, mtime 1632231419): 8 files, no impossibilities.
# C:\Program Files (x86)\NVIDIA Corporation\PhysX\Common (key C:/Program Files (x86)/NVIDIA Corporation/PhysX/Common, mtime 1640869240): 12 files, no impossibilities.
# C:\Program Files\JetBrains\GoLand 2021.1\bin (key C:/Program Files/JetBrains/GoLand 2021.1/bin, mtime 1618889814): 31 files, no 
 impossibilities.
# C:\Python26: could not be stat'd.
# C:\MinGW\bin (key C:/MinGW/bin, mtime 1591327694): 148 files, no impossibilities.
# C:\Users\13013\AppData\Local\Programs\Microsoft VS Code\bin (key C:/Users/13013/AppData/Local/Programs/Microsoft VS Code/bin, mtime 1655369474): 4 files, no impossibilities.
# C:\Program Files\CMake\bin (key C:/Program Files/CMake/bin, mtime 1615472659): 7 files, no impossibilities.
# C:\WINDOWS (key C:/WINDOWS, mtime 1608876358): 145 files, no impossibilities.
# D:\Sof 
tware\Matlab\polyspace\bin (key D:/Software/Matlab/polyspace/bin, mtime 1649492148): 82 files, no impossibilities.
# C:\Program Files\nodejs\ (key C:/Program Files/nodejs/, mtime 1649515097): 13 files, no impossibilities.
# C:\Program Files (x86)\MuMu\emulator\nemu\vmonitor\bin (key C:/Program Files (x86)/MuMu/emulator/nemu/vmonitor/bin, mtime 1652237468): 5 files, no impossibilities.
# C:\Users\13013\.dotnet\tools: could not be stat'd.
# D:\HackTools\2-web\sqlmap (key D:/HackTools/2-web/sqlmap, mtime 16524 
58382): 19 files, no impossibilities.
# C:\Program Files\Docker\Docker\resources\bin (key C:/Program Files/Docker/Docker/resources/bin, mtime 1633661603): 13 files, no impossibilities.
# D:\Software\Matlab\bin (key D:/Software/Matlab/bin, mtime 1649491983): 19 files, no impossibilities.
# C:\Users\13013\.cargo\bin (key C:/Users/13013/.cargo/bin, mtime 1637164852): 14 files, no impossibilities.
# C:\Users\13013\AppData\Local\JetBrains\PyCharm Community Edition 2020.1\bin: could not be stat'd.
# C:\Ruby27-x64 
\bin (key C:/Ruby27-x64/bin, mtime 1612692406): 23 files, no impossibilities.
# C:\Library\icu-69.1\usr\bin (key C:/Library/icu-69.1/usr/bin, mtime 1653794681): 5 files, no impossibilities.
# C:\Library\Swift-development\bin (key C:/Library/Swift-development/bin, mtime 1653794680): 16 files, no impossibilities.
# C:\Users\13013\AppData\Local\Programs\Python\Python38 (key C:/Users/13013/AppData/Local/Programs/Python/Python38, mtime 1653477714): 28 files, no impossibilities.
# C:\Program Files\OpenVPN\bin (ke 
y C:/Program Files/OpenVPN/bin, mtime 1640346288): 9 files, no impossibilities.
# D:\Software\XFTP\ (key D:/Software/XFTP/, mtime 1647659389): 27 files, no impossibilities.
# C:\Program Files\Common Files\Oracle\Java\javapath (key C:/Program Files/Common Files/Oracle/Java/javapath, mtime 1655089989): 6 files, no impossibilities.
# C:\Program Files\dotnet\ (key C:/Program Files/dotnet/, mtime 1652493467): 11 files, no impossibilities.
# D:\Software\Xshell\ (key D:/Software/Xshell/, mtime 1647659254): 39 file 
s, no impossibilities.
# C:\Program Files (x86)\Nmap (key C:/Program Files (x86)/Nmap, mtime 1614991350): 37 files, no impossibilities.
# C:\WINDOWS\system32 (key C:/WINDOWS/system32, mtime 1655769012): 3267 files, no impossibilities.
# C:\Program Files (x86)\Pandoc (key C:/Program Files (x86)/Pandoc, mtime 1587449724): 7 files, no impossibilities.
# C:\Program Files (x86)\CMake\bin: could not be stat'd.
# C:\Go\bin (key C:/Go/bin, mtime 1633184298): 4 files, no impossibilities.
# C:\Software\apache-tomcat- 
8.5.77\bin (key C:/Software/apache-tomcat-8.5.77/bin, mtime 1648691426): 27 files, no impossibilities.
# C:\Program Files\Azure Data Studio\bin (key C:/Program Files/Azure Data Studio/bin, mtime 1619492855): 4 files, no impossibilities.
# C:\Users\13013\AppData\Local\Programs\Python\Python38\Scripts\ (key C:/Users/13013/AppData/Local/Programs/Python/Python38/Scripts/, mtime 1654477492): 232 files, no impossibilities.
# C:\Users\13013\go\bin: could not be stat'd.
# C:\Users\13013\AppData\Local\Programs\Pytho 
n\Python38\ (key C:/Users/13013/AppData/Local/Programs/Python/Python38/, mtime 1653477714): 28 files, no impossibilities.
# C:\Program Files (x86)\VMware\VMware Workstation\bin\ (key C:/Program Files (x86)/VMware/VMware Workstation/bin/, mtime 1621834124): 4 files, no impossibilities.
# D:\Software\Matlab\runtime\win64 (key D:/Software/Matlab/runtime/win64, mtime 1649491986): 10 files, no impossibilities.
# C:\Windows\System32\WindowsPowerShell\v1.0 (key C:/Windows/System32/WindowsPowerShell/v1.0, mtime 161 
7775745): 32 files, no impossibilities.

# 4796 files, no impossibilities in 55 directories.

# Implicit Rules

# No implicit rules.

# Files

# Not a target:
all:
#  Command line target.
#  Implicit rule search has been done.
#  File does not exist.
#  File has not been updated.

# Not a target:
.SUFFIXES:
#  Implicit rule search has not been done.
#  Modification time never checked.
#  File has not been updated.

# Not a target:
Makefile:
#  Implicit rule search has been done.
#  File does not exist.
#  File has been updated.
#  Failed to be updated.

# Not a target:
makefile:
#  Implicit rule search has been done.
#  File does not exist.
#  File has been updated.
#  Failed to be updated.

# Not a target:
.DEFAULT:
#  Implicit rule search has not been done.
#  Modification time never checked.
#  File has not been updated.

# Not a target:
GNUmakefile:
#  Implicit rule search has been done.
#  File does not exist.
#  File has been updated.
#  Failed to be updated.

# files hash-table stats:
# Load=6/1024=1%, 
 Rehash=0, Collisions=0/15=0%
# VPATH Search Paths

# No 'vpath' search paths.

# No general ('VPATH' variable) search path.

# strcache buffers: 9 (8) / strings = 4594 / storage = 69607 B / avg = 15 B
# current buf: size = 8174 B / used = 4276 B / count = 276 / avg = 15 B
# other used: total = 61433 B / count = 4318 / avg = 14 B
# other free: total = 61 B / max = 12 B / min = 4 B / avg = 7 B

# strcache performance: lookups = 4859 / hit rate = 5%
# hash-table stats:
# Load=4594/8192=56%, Rehash=0, Collisions=2476/4859=51%
# Finished Make data base on Tue Jun 21 17:05:14 2022

 
make.exe: *** No rule to make target 'all'.  Stop.

